<?xml version="1.0" encoding="UTF-8"?>
<testsuite name="io.codelex.flightplanner.FlightPlannerApplicationTests" tests="1" skipped="0" failures="0" errors="0" timestamp="2023-07-13T19:02:29" hostname="JR-PC" time="0.844">
  <properties/>
  <testcase name="contextLoads()" classname="io.codelex.flightplanner.FlightPlannerApplicationTests" time="0.844"/>
  <system-out><![CDATA[22:02:27.269 [Test worker] INFO org.springframework.test.context.support.AnnotationConfigContextLoaderUtils -- Could not detect default configuration classes for test class [io.codelex.flightplanner.FlightPlannerApplicationTests]: FlightPlannerApplicationTests does not declare any static, non-private, non-final, nested classes annotated with @Configuration.
22:02:27.400 [Test worker] INFO org.springframework.boot.test.context.SpringBootTestContextBootstrapper -- Found @SpringBootConfiguration io.codelex.flightplanner.FlightPlannerApplication for test class io.codelex.flightplanner.FlightPlannerApplicationTests

  .   ____          _            __ _ _
 /\\ / ___'_ __ _ _(_)_ __  __ _ \ \ \ \
( ( )\___ | '_ | '_| | '_ \/ _` | \ \ \ \
 \\/  ___)| |_)| | | | | || (_| |  ) ) ) )
  '  |____| .__|_| |_|_| |_\__, | / / / /
 =========|_|==============|___/=/_/_/_/
 :: Spring Boot ::                (v3.1.1)

2023-07-13T22:02:27.852+03:00  INFO 16764 --- [    Test worker] i.c.f.FlightPlannerApplicationTests      : Starting FlightPlannerApplicationTests using Java 18.0.2.1 with PID 16764 (started by ASUS in E:\MyProject\flight-planner)
2023-07-13T22:02:27.855+03:00  INFO 16764 --- [    Test worker] i.c.f.FlightPlannerApplicationTests      : No active profile set, falling back to 1 default profile: "default"
2023-07-13T22:02:29.214+03:00  WARN 16764 --- [    Test worker] .s.s.UserDetailsServiceAutoConfiguration : 

Using generated security password: bafb0ce3-9278-4380-b799-60d635f93ecf

This generated password is for development use only. Your security configuration must be updated before running your application in production.

2023-07-13T22:02:29.368+03:00  INFO 16764 --- [    Test worker] o.s.s.web.DefaultSecurityFilterChain     : Will secure any request with [org.springframework.security.web.session.DisableEncodeUrlFilter@7069f076, org.springframework.security.web.context.request.async.WebAsyncManagerIntegrationFilter@4a070cf0, org.springframework.security.web.context.SecurityContextHolderFilter@2047981, org.springframework.security.web.header.HeaderWriterFilter@8f40022, org.springframework.security.web.csrf.CsrfFilter@42ea7565, org.springframework.security.web.authentication.logout.LogoutFilter@316cda31, org.springframework.security.web.authentication.UsernamePasswordAuthenticationFilter@73c48264, org.springframework.security.web.authentication.ui.DefaultLoginPageGeneratingFilter@5c6a5192, org.springframework.security.web.authentication.ui.DefaultLogoutPageGeneratingFilter@764b14b8, org.springframework.security.web.authentication.www.BasicAuthenticationFilter@3421debd, org.springframework.security.web.savedrequest.RequestCacheAwareFilter@6f31df32, org.springframework.security.web.servletapi.SecurityContextHolderAwareRequestFilter@5a08b084, org.springframework.security.web.authentication.AnonymousAuthenticationFilter@202d9236, org.springframework.security.web.access.ExceptionTranslationFilter@456f7d9e, org.springframework.security.web.access.intercept.AuthorizationFilter@4db77402]
2023-07-13T22:02:29.424+03:00  INFO 16764 --- [    Test worker] i.c.f.FlightPlannerApplicationTests      : Started FlightPlannerApplicationTests in 1.831 seconds (process running for 3.214)
]]></system-out>
  <system-err><![CDATA[]]></system-err>
</testsuite>
